[I 2022-08-10 21:22:25.340 LabApp] JupyterLab extension loaded from /home/mffang/miniconda3/envs/python_3.9/lib/python3.9/site-packages/jupyterlab
[I 2022-08-10 21:22:25.340 LabApp] JupyterLab application directory is /home/mffang/miniconda3/envs/python_3.9/share/jupyter/lab
[I 21:22:25.345 NotebookApp] The port 8888 is already in use, trying another port.
[I 21:22:25.346 NotebookApp] The port 8889 is already in use, trying another port.
[I 21:22:25.347 NotebookApp] The port 8890 is already in use, trying another port.
[I 21:22:25.349 NotebookApp] Serving notebooks from local directory: /home/mffang/workspace/CIR/GVFP_2021
[I 21:22:25.349 NotebookApp] Jupyter Notebook 6.4.12 is running at:
[I 21:22:25.349 NotebookApp] http://localhost:8891/?token=feecb18f12d622f5301c45979436ad94442b06d29bdc1a49
[I 21:22:25.349 NotebookApp]  or http://127.0.0.1:8891/?token=feecb18f12d622f5301c45979436ad94442b06d29bdc1a49
[I 21:22:25.349 NotebookApp] Use Control-C to stop this server and shut down all kernels (twice to skip confirmation).
[C 21:22:25.351 NotebookApp] 
    
    To access the notebook, open this file in a browser:
        file:///home/mffang/.local/share/jupyter/runtime/nbserver-3508893-open.html
    Or copy and paste one of these URLs:
        http://localhost:8891/?token=feecb18f12d622f5301c45979436ad94442b06d29bdc1a49
     or http://127.0.0.1:8891/?token=feecb18f12d622f5301c45979436ad94442b06d29bdc1a49
[I 21:23:15.036 NotebookApp] 302 GET / (::1) 1.670000ms
[W 21:23:21.391 NotebookApp] Notebook figure_4_data_4pMC.ipynb is not trusted
[I 21:23:21.905 NotebookApp] Kernel started: 4cb2760c-80c3-4030-9018-abcab88c8265, name: python3
[I 21:25:21.950 NotebookApp] Saving file at /figure_4_data_4pMC.ipynb
[W 21:25:21.953 NotebookApp] Notebook figure_4_data_4pMC.ipynb is not trusted
[I 21:25:30.781 NotebookApp] Kernel interrupted: 4cb2760c-80c3-4030-9018-abcab88c8265
[W 21:25:55.132 NotebookApp] Notebook figure_3_notebook_colab.ipynb is not trusted
[I 21:25:56.612 NotebookApp] Kernel started: b1d92534-0b4d-4910-94c1-316760b7b18f, name: python3
[I 21:26:13.411 NotebookApp] Kernel interrupted: 4cb2760c-80c3-4030-9018-abcab88c8265
[I 21:27:21.937 NotebookApp] Saving file at /figure_4_data_4pMC.ipynb
[W 21:27:21.938 NotebookApp] Notebook figure_4_data_4pMC.ipynb is not trusted
[I 21:27:57.175 NotebookApp] Saving file at /figure_3_notebook_colab.ipynb
[W 21:27:57.178 NotebookApp] Notebook figure_3_notebook_colab.ipynb is not trusted
[I 21:29:21.910 NotebookApp] Saving file at /figure_4_data_4pMC.ipynb
[W 21:29:21.911 NotebookApp] Notebook figure_4_data_4pMC.ipynb is not trusted
[I 21:31:21.910 NotebookApp] Saving file at /figure_4_data_4pMC.ipynb
[W 21:31:21.910 NotebookApp] Notebook figure_4_data_4pMC.ipynb is not trusted
[I 21:33:21.919 NotebookApp] Saving file at /figure_4_data_4pMC.ipynb
[W 21:33:21.920 NotebookApp] Notebook figure_4_data_4pMC.ipynb is not trusted
[I 21:35:21.920 NotebookApp] Saving file at /figure_4_data_4pMC.ipynb
[W 21:35:21.920 NotebookApp] Notebook figure_4_data_4pMC.ipynb is not trusted
[I 21:37:21.920 NotebookApp] Saving file at /figure_4_data_4pMC.ipynb
[W 21:37:21.920 NotebookApp] Notebook figure_4_data_4pMC.ipynb is not trusted
[I 21:39:21.922 NotebookApp] Saving file at /figure_4_data_4pMC.ipynb
[W 21:39:21.923 NotebookApp] Notebook figure_4_data_4pMC.ipynb is not trusted
[I 21:41:21.929 NotebookApp] Saving file at /figure_4_data_4pMC.ipynb
[W 21:41:21.929 NotebookApp] Notebook figure_4_data_4pMC.ipynb is not trusted
[I 21:48:26.705 NotebookApp] Saving file at /figure_4_data_4pMC.ipynb
[W 21:48:26.706 NotebookApp] Notebook figure_4_data_4pMC.ipynb is not trusted
[I 21:49:24.140 NotebookApp] Saving file at /figure_4_data_4pMC.ipynb
[W 21:49:24.141 NotebookApp] Notebook figure_4_data_4pMC.ipynb is not trusted
[I 21:50:24.509 NotebookApp] Starting buffering for b1d92534-0b4d-4910-94c1-316760b7b18f:330d713a36d14a2b97e2d399f6a909ff
[I 21:50:26.390 NotebookApp] Saving file at /figure_4_data_4pMC.ipynb
[W 21:50:26.391 NotebookApp] Notebook figure_4_data_4pMC.ipynb is not trusted
[I 21:50:29.048 NotebookApp] Starting buffering for 4cb2760c-80c3-4030-9018-abcab88c8265:1393f9065d4d4716a6847c69728ee74e
[I 21:50:29.050 NotebookApp] Kernel shutdown: 4cb2760c-80c3-4030-9018-abcab88c8265
[I 21:50:44.521 NotebookApp] Kernel shutdown: b1d92534-0b4d-4910-94c1-316760b7b18f
[W 21:50:46.249 NotebookApp] Notebook figure_4_data_4pMC.ipynb is not trusted
[I 21:50:46.756 NotebookApp] Kernel started: fe59a129-d159-48dc-b7bb-daab70a07acb, name: python3
[I 21:52:46.776 NotebookApp] Saving file at /figure_4_data_4pMC.ipynb
[W 21:52:46.777 NotebookApp] Notebook figure_4_data_4pMC.ipynb is not trusted
[I 21:54:46.765 NotebookApp] Saving file at /figure_4_data_4pMC.ipynb
[W 21:54:46.765 NotebookApp] Notebook figure_4_data_4pMC.ipynb is not trusted
[I 21:58:56.266 NotebookApp] Starting buffering for fe59a129-d159-48dc-b7bb-daab70a07acb:d1829204396d4d77aa88491c5dd1f90e
[I 15:00:46.088 NotebookApp] 302 GET / (::1) 0.670000ms
[W 15:00:50.854 NotebookApp] Notebook figure_4_data_4pMC.ipynb is not trusted
[I 15:00:51.390 NotebookApp] Discarding 262 buffered messages for fe59a129-d159-48dc-b7bb-daab70a07acb:d1829204396d4d77aa88491c5dd1f90e
[I 15:04:34.291 NotebookApp] Saving file at /figure_4_data_4pMC.ipynb
[W 15:04:34.291 NotebookApp] Notebook figure_4_data_4pMC.ipynb is not trusted
[I 15:06:51.405 NotebookApp] Saving file at /figure_4_data_4pMC.ipynb
[W 15:06:51.406 NotebookApp] Notebook figure_4_data_4pMC.ipynb is not trusted
[I 15:08:51.403 NotebookApp] Saving file at /figure_4_data_4pMC.ipynb
[W 15:08:51.403 NotebookApp] Notebook figure_4_data_4pMC.ipynb is not trusted
[I 15:10:51.392 NotebookApp] Saving file at /figure_4_data_4pMC.ipynb
[W 15:10:51.392 NotebookApp] Notebook figure_4_data_4pMC.ipynb is not trusted
[I 15:12:51.394 NotebookApp] Saving file at /figure_4_data_4pMC.ipynb
[W 15:12:51.394 NotebookApp] Notebook figure_4_data_4pMC.ipynb is not trusted
[I 15:29:42.069 NotebookApp] Saving file at /figure_4_data_4pMC.ipynb
[W 15:29:42.069 NotebookApp] Notebook figure_4_data_4pMC.ipynb is not trusted
[I 15:31:43.740 NotebookApp] Saving file at /figure_4_data_4pMC.ipynb
[W 15:31:43.741 NotebookApp] Notebook figure_4_data_4pMC.ipynb is not trusted
[I 15:33:42.039 NotebookApp] Saving file at /figure_4_data_4pMC.ipynb
[W 15:33:42.040 NotebookApp] Notebook figure_4_data_4pMC.ipynb is not trusted
[I 15:35:42.044 NotebookApp] Saving file at /figure_4_data_4pMC.ipynb
[W 15:35:42.044 NotebookApp] Notebook figure_4_data_4pMC.ipynb is not trusted
[I 15:37:43.262 NotebookApp] Saving file at /figure_4_data_4pMC.ipynb
[W 15:37:43.262 NotebookApp] Notebook figure_4_data_4pMC.ipynb is not trusted
[I 15:39:42.135 NotebookApp] Saving file at /figure_4_data_4pMC.ipynb
[W 15:39:42.135 NotebookApp] Notebook figure_4_data_4pMC.ipynb is not trusted
[I 15:41:46.533 NotebookApp] Saving file at /figure_4_data_4pMC.ipynb
[W 15:41:46.533 NotebookApp] Notebook figure_4_data_4pMC.ipynb is not trusted
[I 15:43:42.486 NotebookApp] Saving file at /figure_4_data_4pMC.ipynb
[W 15:43:42.487 NotebookApp] Notebook figure_4_data_4pMC.ipynb is not trusted
[I 15:44:51.430 NotebookApp] Saving file at /figure_4_data_4pMC.ipynb
[W 15:44:51.430 NotebookApp] Notebook figure_4_data_4pMC.ipynb is not trusted
[I 15:46:51.435 NotebookApp] Saving file at /figure_4_data_4pMC.ipynb
[W 15:46:51.436 NotebookApp] Notebook figure_4_data_4pMC.ipynb is not trusted
[I 15:50:52.053 NotebookApp] Saving file at /figure_4_data_4pMC.ipynb
[W 15:50:52.053 NotebookApp] Notebook figure_4_data_4pMC.ipynb is not trusted
[I 15:52:52.044 NotebookApp] Saving file at /figure_4_data_4pMC.ipynb
[W 15:52:52.045 NotebookApp] Notebook figure_4_data_4pMC.ipynb is not trusted
[I 15:54:52.051 NotebookApp] Saving file at /figure_4_data_4pMC.ipynb
[W 15:54:52.051 NotebookApp] Notebook figure_4_data_4pMC.ipynb is not trusted
[I 15:56:52.048 NotebookApp] Saving file at /figure_4_data_4pMC.ipynb
[W 15:56:52.049 NotebookApp] Notebook figure_4_data_4pMC.ipynb is not trusted
[I 16:29:10.880 NotebookApp] Starting buffering for fe59a129-d159-48dc-b7bb-daab70a07acb:0edca2a199354e01810c27eee7bf663b
[I 16:29:12.569 NotebookApp] Restoring connection for fe59a129-d159-48dc-b7bb-daab70a07acb:0edca2a199354e01810c27eee7bf663b
[W 16:30:42.571 NotebookApp] WebSocket ping timeout after 90002 ms.
[I 16:30:47.574 NotebookApp] Starting buffering for fe59a129-d159-48dc-b7bb-daab70a07acb:0edca2a199354e01810c27eee7bf663b
[I 16:39:30.143 NotebookApp] Restoring connection for fe59a129-d159-48dc-b7bb-daab70a07acb:0edca2a199354e01810c27eee7bf663b
